<?xml version="1.0" encoding="UTF-8"?>
<testsuite xmlns:xsi="http://www.w3.org/2001/XMLSchema-instance" xsi:noNamespaceSchemaLocation="https://maven.apache.org/surefire/maven-surefire-plugin/xsd/surefire-test-report.xsd" version="3.0.2" name="com.railway.bookingservice.BookingServiceApplicationTests" time="16.912" tests="1" errors="0" skipped="0" failures="0">
  <properties>
[...]
</properties>
  <testcase name="contextLoads" classname="com.railway.bookingservice.BookingServiceApplicationTests" time="1.69">
    <system-out><![CDATA[Standard Commons Logging discovery in action with spring-jcl: please remove commons-logging.jar from classpath in order to avoid potential conflicts
11:25:44.897 [main] INFO org.springframework.test.context.support.AnnotationConfigContextLoaderUtils -- Could not detect default configuration classes for test class [com.railway.bookingservice.BookingServiceApplicationTests]: BookingServiceApplicationTests does not declare any static, non-private, non-final, nested classes annotated with @Configuration.
11:25:45.193 [main] INFO org.springframework.boot.test.context.SpringBootTestContextBootstrapper -- Found @SpringBootConfiguration com.railway.bookingservice.BookingServiceApplication for test class com.railway.bookingservice.BookingServiceApplicationTests
11:25:46.171 [main] INFO org.springframework.boot.devtools.restart.RestartApplicationListener -- Restart disabled due to context in which it is running

  .   ____          _            __ _ _
 /\\ / ___'_ __ _ _(_)_ __  __ _ \ \ \ \
( ( )\___ | '_ | '_| | '_ \/ _` | \ \ \ \
 \\/  ___)| |_)| | | | | || (_| |  ) ) ) )
  '  |____| .__|_| |_|_| |_\__, | / / / /
 =========|_|==============|___/=/_/_/_/

 :: Spring Boot ::                (v3.4.2)

2025-02-16T11:25:46.974+05:30  INFO 22200 --- [booking-service] [           main] c.r.b.BookingServiceApplicationTests     : Starting BookingServiceApplicationTests using Java 23.0.1 with PID 22200 (started by cgidijal in C:\Users\CGIDIJAL\OneDrive - Capgemini\Desktop\RAILWAY-RESERVATION-SYSTEM\Railway-Reservasion-System-main\Railway-Reservasion-System-main\booking-service\booking-service)
2025-02-16T11:25:46.976+05:30 DEBUG 22200 --- [booking-service] [           main] c.r.b.BookingServiceApplicationTests     : Running with Spring Boot v3.4.2, Spring v6.2.2
2025-02-16T11:25:46.977+05:30  INFO 22200 --- [booking-service] [           main] c.r.b.BookingServiceApplicationTests     : No active profile set, falling back to 1 default profile: "default"
2025-02-16T11:25:49.094+05:30  INFO 22200 --- [booking-service] [           main] .s.d.r.c.RepositoryConfigurationDelegate : Bootstrapping Spring Data JPA repositories in DEFAULT mode.
2025-02-16T11:25:49.539+05:30  INFO 22200 --- [booking-service] [           main] .s.d.r.c.RepositoryConfigurationDelegate : Finished Spring Data repository scanning in 416 ms. Found 1 JPA repository interface.
2025-02-16T11:25:50.282+05:30  INFO 22200 --- [booking-service] [           main] o.s.cloud.context.scope.GenericScope     : BeanFactory id=e23b6a2a-c68a-31da-b7d5-88a0f6a4f710
2025-02-16T11:25:51.166+05:30  INFO 22200 --- [booking-service] [           main] o.hibernate.jpa.internal.util.LogHelper  : HHH000204: Processing PersistenceUnitInfo [name: default]
2025-02-16T11:25:51.346+05:30  INFO 22200 --- [booking-service] [           main] org.hibernate.Version                    : HHH000412: Hibernate ORM core version 6.6.5.Final
2025-02-16T11:25:51.440+05:30  INFO 22200 --- [booking-service] [           main] o.h.c.internal.RegionFactoryInitiator    : HHH000026: Second-level cache disabled
2025-02-16T11:25:52.159+05:30  INFO 22200 --- [booking-service] [           main] o.s.o.j.p.SpringPersistenceUnitInfo      : No LoadTimeWeaver setup: ignoring JPA class transformer
2025-02-16T11:25:52.232+05:30  INFO 22200 --- [booking-service] [           main] com.zaxxer.hikari.HikariDataSource       : HikariPool-1 - Starting...
2025-02-16T11:25:52.961+05:30  INFO 22200 --- [booking-service] [           main] com.zaxxer.hikari.pool.HikariPool        : HikariPool-1 - Added connection com.mysql.cj.jdbc.ConnectionImpl@3dbbed3e
2025-02-16T11:25:52.966+05:30  INFO 22200 --- [booking-service] [           main] com.zaxxer.hikari.HikariDataSource       : HikariPool-1 - Start completed.
2025-02-16T11:25:53.111+05:30  WARN 22200 --- [booking-service] [           main] org.hibernate.orm.deprecation            : HHH90000025: MySQL8Dialect does not need to be specified explicitly using 'hibernate.dialect' (remove the property setting and it will be selected by default)
2025-02-16T11:25:53.113+05:30  WARN 22200 --- [booking-service] [           main] org.hibernate.orm.deprecation            : HHH90000026: MySQL8Dialect has been deprecated; use org.hibernate.dialect.MySQLDialect instead
2025-02-16T11:25:53.153+05:30  INFO 22200 --- [booking-service] [           main] org.hibernate.orm.connections.pooling    : HHH10001005: Database info:
	Database JDBC URL [Connecting through datasource 'HikariDataSource (HikariPool-1)']
	Database driver: undefined/unknown
	Database version: 8.0
	Autocommit mode: undefined/unknown
	Isolation level: undefined/unknown
	Minimum pool size: undefined/unknown
	Maximum pool size: undefined/unknown
2025-02-16T11:25:54.998+05:30  INFO 22200 --- [booking-service] [           main] o.h.e.t.j.p.i.JtaPlatformInitiator       : HHH000489: No JTA platform available (set 'hibernate.transaction.jta.platform' to enable JTA platform integration)
2025-02-16T11:25:55.119+05:30  INFO 22200 --- [booking-service] [           main] j.LocalContainerEntityManagerFactoryBean : Initialized JPA EntityManagerFactory for persistence unit 'default'
2025-02-16T11:25:55.351+05:30  WARN 22200 --- [booking-service] [           main] JpaBaseConfiguration$JpaWebConfiguration : spring.jpa.open-in-view is enabled by default. Therefore, database queries may be performed during view rendering. Explicitly configure spring.jpa.open-in-view to disable this warning
2025-02-16T11:25:55.800+05:30  INFO 22200 --- [booking-service] [           main] o.s.c.openfeign.FeignClientFactoryBean   : For 'passenger-service' URL not provided. Will try picking an instance via load-balancing.
2025-02-16T11:25:55.858+05:30  INFO 22200 --- [booking-service] [           main] o.s.c.openfeign.FeignClientFactoryBean   : For 'seat-availability-service' URL not provided. Will try picking an instance via load-balancing.
2025-02-16T11:25:58.081+05:30  INFO 22200 --- [booking-service] [           main] DiscoveryClientOptionalArgsConfiguration : Eureka HTTP Client uses RestTemplate.
2025-02-16T11:25:58.165+05:30  WARN 22200 --- [booking-service] [           main] iguration$LoadBalancerCaffeineWarnLogger : Spring Cloud LoadBalancer is currently working with the default cache. While this cache implementation is useful for development and tests, it's recommended to use Caffeine cache in production.You can switch to using Caffeine cache, by adding it and org.springframework.cache.caffeine.CaffeineCacheManager to the classpath.
2025-02-16T11:25:58.236+05:30  INFO 22200 --- [booking-service] [           main] o.s.c.n.eureka.InstanceInfoFactory       : Setting initial instance status as: STARTING
2025-02-16T11:25:58.343+05:30  INFO 22200 --- [booking-service] [           main] com.netflix.discovery.DiscoveryClient    : Initializing Eureka in region us-east-1
2025-02-16T11:25:58.358+05:30  INFO 22200 --- [booking-service] [           main] c.n.d.s.r.aws.ConfigClusterResolver      : Resolving eureka endpoints via configuration
2025-02-16T11:25:58.390+05:30  INFO 22200 --- [booking-service] [           main] com.netflix.discovery.DiscoveryClient    : Disable delta property : false
2025-02-16T11:25:58.391+05:30  INFO 22200 --- [booking-service] [           main] com.netflix.discovery.DiscoveryClient    : Single vip registry refresh property : null
2025-02-16T11:25:58.392+05:30  INFO 22200 --- [booking-service] [           main] com.netflix.discovery.DiscoveryClient    : Force full registry fetch : false
2025-02-16T11:25:58.392+05:30  INFO 22200 --- [booking-service] [           main] com.netflix.discovery.DiscoveryClient    : Application is null : false
2025-02-16T11:25:58.392+05:30  INFO 22200 --- [booking-service] [           main] com.netflix.discovery.DiscoveryClient    : Registered Applications size is zero : true
2025-02-16T11:25:58.392+05:30  INFO 22200 --- [booking-service] [           main] com.netflix.discovery.DiscoveryClient    : Application version is -1: true
2025-02-16T11:25:58.392+05:30  INFO 22200 --- [booking-service] [           main] com.netflix.discovery.DiscoveryClient    : Getting all instance registry info from the eureka server
2025-02-16T11:25:59.413+05:30  INFO 22200 --- [booking-service] [           main] com.netflix.discovery.DiscoveryClient    : The response status is 200
2025-02-16T11:25:59.435+05:30  INFO 22200 --- [booking-service] [           main] com.netflix.discovery.DiscoveryClient    : Starting heartbeat executor: renew interval is: 30
2025-02-16T11:25:59.474+05:30  INFO 22200 --- [booking-service] [           main] c.n.discovery.InstanceInfoReplicator     : InstanceInfoReplicator onDemand update allowed rate per min is 4
2025-02-16T11:25:59.486+05:30  INFO 22200 --- [booking-service] [           main] com.netflix.discovery.DiscoveryClient    : Discovery Client initialized at timestamp 1739685359479 with initial instances count: 5
2025-02-16T11:25:59.508+05:30  INFO 22200 --- [booking-service] [           main] o.s.c.n.e.s.EurekaServiceRegistry        : Registering application BOOKING-SERVICE with eureka with status UP
2025-02-16T11:25:59.510+05:30  INFO 22200 --- [booking-service] [           main] com.netflix.discovery.DiscoveryClient    : Saw local status change event StatusChangeEvent [timestamp=1739685359510, current=UP, previous=STARTING]
2025-02-16T11:25:59.515+05:30  INFO 22200 --- [booking-service] [foReplicator-%d] com.netflix.discovery.DiscoveryClient    : DiscoveryClient_BOOKING-SERVICE/LIN-5CG05247YF.corp.capgemini.com:booking-service:8085: registering service...
2025-02-16T11:25:59.561+05:30  INFO 22200 --- [booking-service] [           main] c.r.b.BookingServiceApplicationTests     : Started BookingServiceApplicationTests in 13.436 seconds (process running for 18.078)
2025-02-16T11:25:59.803+05:30  INFO 22200 --- [booking-service] [foReplicator-%d] com.netflix.discovery.DiscoveryClient    : DiscoveryClient_BOOKING-SERVICE/LIN-5CG05247YF.corp.capgemini.com:booking-service:8085 - registration status: 204
]]></system-out>
    <system-err><![CDATA[Mockito is currently self-attaching to enable the inline-mock-maker. This will no longer work in future releases of the JDK. Please add Mockito as an agent to your build what is described in Mockito's documentation: https://javadoc.io/doc/org.mockito/mockito-core/latest/org/mockito/Mockito.html#0.3
WARNING: A Java agent has been loaded dynamically (C:\Users\CGIDIJAL\.m2\repository\net\bytebuddy\byte-buddy-agent\1.15.11\byte-buddy-agent-1.15.11.jar)
WARNING: If a serviceability tool is in use, please run with -XX:+EnableDynamicAgentLoading to hide this warning
WARNING: If a serviceability tool is not in use, please run with -Djdk.instrument.traceUsage for more information
WARNING: Dynamic loading of agents will be disallowed by default in a future release
]]></system-err>
  </testcase>
</testsuite>